This is pdfTeX, Version 3.1415926-2.5-1.40.14 (TeX Live 2013) (format=pdflatex 2013.5.30)  19 MAY 2014 14:21
entering extended mode
 restricted \write18 enabled.
 file:line:error style messages enabled.
 %&-line parsing enabled.
**kino_calc.tex
(./kino_calc.tex
LaTeX2e <2011/06/27>
Babel <3.9f> and hyphenation patterns for 78 languages loaded.
(/usr/local/texlive/2013/texmf-dist/tex/latex/revtex/revtex4-1.cls
Document Class: revtex4-1 2010/07/25/20:33:00 4.1r (http://publish.aps.org/revt
ex4/ for documentation)
 Copyright (c) 2009 The American Physical Society.
 mailto:revtex@aps.org
 Licensed under the LPPL:
http://www.ctan.org/tex-archive/macros/latex/base/lppl.txt
 Arthur Ogawa <arthur_ogawa at sbcglobal dot net>
 Based on work by David Carlisle <david at dcarlisle.demon.co.uk>.
ltxutil[2010/07/25/20:33:00 4.1r utilities package (portions licensed from W. E
. Baxter web at superscript.com)]
LaTeX Info: Redefining \@centercr on input line 308.
Class revtex4-1 Info: Repairing broken LaTeX eqnarray on input line 358.
\eqncolsep=\skip41
Class revtex4-1 Info: Repairing hyperref-unfriendly LaTeX definition of \mpfoot
note on input line 433.
Class revtex4-1 Info: Repairing broken LateX \@sect on input line 755.
\intertabularlinepenalty=\count79
\@tbpen=\count80
\@arstrutbox@hline=\box26
Class revtex4-1 Info: Repairing broken LaTeX \@xbitor on input line 1786.
Class revtex4-1 Info: Making \typeout \long on input line 2046.
ltxfront[2010/07/25/20:33:00 4.1r frontmatter package (AO,DPC)]
\c@affil=\count81
\c@collab=\count82
\absbox=\box27
ltxgrid[2010/07/25/20:33:00 4.1r page grid package (portions licensed from W. E
. Baxter web at superscript.com)]
\c@linecount=\count83
\output@latex=\toks14
\box@size@1=\box28
\box@size@2=\box29
\@protection@box=\box30
\@topmark@saved=\toks15
\footins@saved=\box31
\footins@recovered=\box32
\column@recovered=\box33
\pagesofar=\box34
\footsofar=\box35
\pagegrid@col=\count84
Class revtex4-1 Info: Overriding \@vspace, \@vspacer, \@no@pgbk, \@newline, and
 \\  on input line 5578.
\c@part=\count85
\c@section=\count86
\c@subsection=\count87
\c@subsubsection=\count88
\c@paragraph=\count89
\c@subparagraph=\count90
\abovecaptionskip=\skip42
\belowcaptionskip=\skip43
\c@figure=\count91
\fbox@1=\box36
\c@table=\count92
\fbox@2=\box37
\c@video=\count93
\fbox@4=\box38
\@bibdataout=\write3
\widetext@top=\box39
\widetext@bot=\box40

Class revtex4-1 Warning: No Society specified, using default society aps.

(/usr/local/texlive/2013/texmf-dist/tex/latex/revtex/aps4-1.rtx
File: aps4-1 2010/07/25/20:33:00 4.1r (http://publish.aps.org/revtex4/ for docu
mentation)
Class revtex4-1 Info: RevTeX society APS selected on input line 31.
)

Class revtex4-1 Warning: No journal specified, using default pra.

Class revtex4-1 Info: APS journal PRA selected on input line 7545.
(/usr/local/texlive/2013/texmf-dist/tex/latex/revtex/aps12pt4-1.rtx
File: aps12pt4-1 2010/07/25/20:33:00 4.1r (http://publish.aps.org/revtex4/ for 
documentation)
Class revtex4-1 Info: RevTeX pointsize 12pt selected on input line 30.
)
(/usr/local/texlive/2013/texmf-dist/tex/latex/textcase/textcase.sty
Package: textcase 2004/10/07 v0.07 Text only upper/lower case changing (DPC)
)
(/usr/local/texlive/2013/texmf-dist/tex/latex/url/url.sty
\Urlmuskip=\muskip10
Package: url 2006/04/12  ver 3.3  Verb mode for urls, etc.
)
(/usr/local/texlive/2013/texmf-dist/tex/latex/natbib/natbib.sty
Package: natbib 2010/09/13 8.31b (PWD, AO)
\bibhang=\skip44
\bibsep=\skip45
LaTeX Info: Redefining \cite on input line 694.
\c@NAT@ctr=\count94
)
Class revtex4-1 Info: Repairing natbib's \BibitemShut on input line 7549.

(/usr/local/texlive/2013/texmf-dist/tex/latex/revtex/revsymb4-1.sty
Package: revsymb4-1 2010/07/25/20:33:00 4.1r (http://publish.aps.org/revtex4/ f
or documentation)
LaTeX Info: Redefining \REV@mathfrak on input line 119.
))
(/usr/local/texlive/2013/texmf-dist/tex/latex/amsfonts/amssymb.sty
Package: amssymb 2013/01/14 v3.01 AMS font symbols

(/usr/local/texlive/2013/texmf-dist/tex/latex/amsfonts/amsfonts.sty
Package: amsfonts 2013/01/14 v3.01 Basic AMSFonts support
\@emptytoks=\toks16
\symAMSa=\mathgroup4
\symAMSb=\mathgroup5
LaTeX Font Info:    Overwriting math alphabet `\mathfrak' in version `bold'
(Font)                  U/euf/m/n --> U/euf/b/n on input line 106.
LaTeX Info: Redefining \frak on input line 111.
LaTeX Info: Redefining \Bbb on input line 113.
))
(/usr/local/texlive/2013/texmf-dist/tex/latex/eqnarray/eqnarray.sty
equationarray 1.3 <December 1, 2010>
Package: eqnarray 
(/usr/local/texlive/2013/texmf-dist/tex/latex/tools/array.sty
Package: array 2008/09/09 v2.4c Tabular extension package (FMi)
\col@sep=\dimen102
\extrarowheight=\dimen103
\NC@list=\toks17
\extratabsurround=\skip46
\backup@length=\skip47
)
\@eqargcnt=\count95
)
(/usr/local/texlive/2013/texmf-dist/tex/latex/amsmath/amsmath.sty
Package: amsmath 2013/01/14 v2.14 AMS math features
\@mathmargin=\skip48

For additional information on amsmath, use the `?' option.
(/usr/local/texlive/2013/texmf-dist/tex/latex/amsmath/amstext.sty
Package: amstext 2000/06/29 v2.01

(/usr/local/texlive/2013/texmf-dist/tex/latex/amsmath/amsgen.sty
File: amsgen.sty 1999/11/30 v2.0
\@emptytoks=\toks18
\ex@=\dimen104
)
LaTeX Info: Redefining \text on input line 39.
)
(/usr/local/texlive/2013/texmf-dist/tex/latex/amsmath/amsbsy.sty
Package: amsbsy 1999/11/29 v1.2d
\pmbraise@=\dimen105
)
(/usr/local/texlive/2013/texmf-dist/tex/latex/amsmath/amsopn.sty
Package: amsopn 1999/12/14 v2.01 operator names
)
\inf@bad=\count96
LaTeX Info: Redefining \frac on input line 210.
\uproot@=\count97
\leftroot@=\count98
LaTeX Info: Redefining \overline on input line 306.
\classnum@=\count99
\DOTSCASE@=\count100
LaTeX Info: Redefining \ldots on input line 378.
LaTeX Info: Redefining \dots on input line 381.
LaTeX Info: Redefining \cdots on input line 466.
\Mathstrutbox@=\box41
\strutbox@=\box42
\big@size=\dimen106
LaTeX Font Info:    Redeclaring font encoding OML on input line 566.
LaTeX Font Info:    Redeclaring font encoding OMS on input line 567.
\macc@depth=\count101
\c@MaxMatrixCols=\count102
\dotsspace@=\muskip11
\c@parentequation=\count103
\dspbrk@lvl=\count104
\tag@help=\toks19
\row@=\count105
\column@=\count106
\maxfields@=\count107
\andhelp@=\toks20
\eqnshift@=\dimen107
\alignsep@=\dimen108
\tagshift@=\dimen109
\tagwidth@=\dimen110
\totwidth@=\dimen111
\lineht@=\dimen112
\@envbody=\toks21
\multlinegap=\skip49
\multlinetaggap=\skip50
\mathdisplay@stack=\toks22
LaTeX Info: Redefining \[ on input line 2665.
LaTeX Info: Redefining \] on input line 2666.
)
(/usr/local/texlive/2013/texmf-dist/tex/latex/graphics/graphicx.sty
Package: graphicx 1999/02/16 v1.0f Enhanced LaTeX Graphics (DPC,SPQR)

(/usr/local/texlive/2013/texmf-dist/tex/latex/graphics/keyval.sty
Package: keyval 1999/03/16 v1.13 key=value parser (DPC)
\KV@toks@=\toks23
)
(/usr/local/texlive/2013/texmf-dist/tex/latex/graphics/graphics.sty
Package: graphics 2009/02/05 v1.0o Standard LaTeX Graphics (DPC,SPQR)

(/usr/local/texlive/2013/texmf-dist/tex/latex/graphics/trig.sty
Package: trig 1999/03/16 v1.09 sin cos tan (DPC)
)
(/usr/local/texlive/2013/texmf-dist/tex/latex/latexconfig/graphics.cfg
File: graphics.cfg 2010/04/23 v1.9 graphics configuration of TeX Live
)
Package graphics Info: Driver file: pdftex.def on input line 91.

(/usr/local/texlive/2013/texmf-dist/tex/latex/pdftex-def/pdftex.def
File: pdftex.def 2011/05/27 v0.06d Graphics/color for pdfTeX

(/usr/local/texlive/2013/texmf-dist/tex/generic/oberdiek/infwarerr.sty
Package: infwarerr 2010/04/08 v1.3 Providing info/warning/error messages (HO)
)
(/usr/local/texlive/2013/texmf-dist/tex/generic/oberdiek/ltxcmds.sty
Package: ltxcmds 2011/11/09 v1.22 LaTeX kernel commands for general use (HO)
)
\Gread@gobject=\count108
))
\Gin@req@height=\dimen113
\Gin@req@width=\dimen114
)
Class revtex4-1 Info: Patching array package. on input line 16.
Class revtex4-1 Info: Robustifying \LaTeX's \boldmath command on input line 16.

Class revtex4-1 Info: cite was not loaded (OK!) on input line 16.
Class revtex4-1 Info: mcite was not loaded (OK!) on input line 16.
Class revtex4-1 Info: multicol was not loaded (OK!) on input line 16.

(./kino_calc.aux)
\openout1 = `kino_calc.aux'.

LaTeX Font Info:    Checking defaults for OML/cmm/m/it on input line 16.
LaTeX Font Info:    ... okay on input line 16.
LaTeX Font Info:    Checking defaults for T1/cmr/m/n on input line 16.
LaTeX Font Info:    ... okay on input line 16.
LaTeX Font Info:    Checking defaults for OT1/cmr/m/n on input line 16.
LaTeX Font Info:    ... okay on input line 16.
LaTeX Font Info:    Checking defaults for OMS/cmsy/m/n on input line 16.
LaTeX Font Info:    ... okay on input line 16.
LaTeX Font Info:    Checking defaults for OMX/cmex/m/n on input line 16.
LaTeX Font Info:    ... okay on input line 16.
LaTeX Font Info:    Checking defaults for U/cmr/m/n on input line 16.
LaTeX Font Info:    ... okay on input line 16.

(/usr/local/texlive/2013/texmf-dist/tex/context/base/supp-pdf.mkii
[Loading MPS to PDF converter (version 2006.09.02).]
\scratchcounter=\count109
\scratchdimen=\dimen115
\scratchbox=\box43
\nofMPsegments=\count110
\nofMParguments=\count111
\everyMPshowfont=\toks24
\MPscratchCnt=\count112
\MPscratchDim=\dimen116
\MPnumerator=\count113
\makeMPintoPDFobject=\count114
\everyMPtoPDFconversion=\toks25
) (/usr/local/texlive/2013/texmf-dist/tex/generic/oberdiek/pdftexcmds.sty
Package: pdftexcmds 2011/11/29 v0.20 Utility functions of pdfTeX for LuaTeX (HO
)

(/usr/local/texlive/2013/texmf-dist/tex/generic/oberdiek/ifluatex.sty
Package: ifluatex 2010/03/01 v1.3 Provides the ifluatex switch (HO)
Package ifluatex Info: LuaTeX not detected.
)
(/usr/local/texlive/2013/texmf-dist/tex/generic/oberdiek/ifpdf.sty
Package: ifpdf 2011/01/30 v2.3 Provides the ifpdf switch (HO)
Package ifpdf Info: pdfTeX in PDF mode is detected.
)
Package pdftexcmds Info: LuaTeX not detected.
Package pdftexcmds Info: \pdf@primitive is available.
Package pdftexcmds Info: \pdf@ifprimitive is available.
Package pdftexcmds Info: \pdfdraftmode found.
)
(/usr/local/texlive/2013/texmf-dist/tex/latex/oberdiek/epstopdf-base.sty
Package: epstopdf-base 2010/02/09 v2.5 Base part for package epstopdf

(/usr/local/texlive/2013/texmf-dist/tex/latex/oberdiek/grfext.sty
Package: grfext 2010/08/19 v1.1 Manage graphics extensions (HO)

(/usr/local/texlive/2013/texmf-dist/tex/generic/oberdiek/kvdefinekeys.sty
Package: kvdefinekeys 2011/04/07 v1.3 Define keys (HO)
))
(/usr/local/texlive/2013/texmf-dist/tex/latex/oberdiek/kvoptions.sty
Package: kvoptions 2011/06/30 v3.11 Key value format for package options (HO)

(/usr/local/texlive/2013/texmf-dist/tex/generic/oberdiek/kvsetkeys.sty
Package: kvsetkeys 2012/04/25 v1.16 Key value parser (HO)

(/usr/local/texlive/2013/texmf-dist/tex/generic/oberdiek/etexcmds.sty
Package: etexcmds 2011/02/16 v1.5 Avoid name clashes with e-TeX commands (HO)
Package etexcmds Info: Could not find \expanded.
(etexcmds)             That can mean that you are not using pdfTeX 1.50 or
(etexcmds)             that some package has redefined \expanded.
(etexcmds)             In the latter case, load this package earlier.
)))
Package grfext Info: Graphics extension search list:
(grfext)             [.png,.pdf,.jpg,.mps,.jpeg,.jbig2,.jb2,.PNG,.PDF,.JPG,.JPE
G,.JBIG2,.JB2,.eps]
(grfext)             \AppendGraphicsExtensions on input line 452.

(/usr/local/texlive/2013/texmf-dist/tex/latex/latexconfig/epstopdf-sys.cfg
File: epstopdf-sys.cfg 2010/07/13 v1.3 Configuration of (r)epstopdf for TeX Liv
e
))
\openout3 = `kino_calcNotes.bib'.



Class revtex4-1 Warning: No title.

LaTeX Font Info:    Try loading font information for U+msa on input line 22.
(/usr/local/texlive/2013/texmf-dist/tex/latex/amsfonts/umsa.fd
File: umsa.fd 2013/01/14 v3.01 AMS symbols A
)
LaTeX Font Info:    Try loading font information for U+msb on input line 22.

(/usr/local/texlive/2013/texmf-dist/tex/latex/amsfonts/umsb.fd
File: umsb.fd 2013/01/14 v3.01 AMS symbols B
)
Package epstopdf Info: Source file: <phase_func.eps>
(epstopdf)                    date: 2014-05-19 01:50:01
(epstopdf)                    size: 162652 bytes
(epstopdf)             Output file: <phase_func-eps-converted-to.pdf>
(epstopdf)                    date: 2014-05-19 02:05:26
(epstopdf)                    size: 43102 bytes
(epstopdf)             Command: <repstopdf --outfile=phase_func-eps-converted-t
o.pdf phase_func.eps>
(epstopdf)             \includegraphics on input line 31.
Package epstopdf Info: Output file is already uptodate.

<phase_func-eps-converted-to.pdf, id=1, 561.09625pt x 421.575pt>
File: phase_func-eps-converted-to.pdf Graphic file (type pdf)

<use phase_func-eps-converted-to.pdf>
Package pdftex.def Info: phase_func-eps-converted-to.pdf used on input line 31.

(pdftex.def)             Requested size: 168.47572pt x 113.80746pt.
Package epstopdf Info: Source file: <ideal_intensity.eps>
(epstopdf)                    date: 2014-05-19 02:02:36
(epstopdf)                    size: 911346 bytes
(epstopdf)             Output file: <ideal_intensity-eps-converted-to.pdf>
(epstopdf)                    date: 2014-05-19 02:05:27
(epstopdf)                    size: 122547 bytes
(epstopdf)             Command: <repstopdf --outfile=ideal_intensity-eps-conver
ted-to.pdf ideal_intensity.eps>
(epstopdf)             \includegraphics on input line 36.
Package epstopdf Info: Output file is already uptodate.

<ideal_intensity-eps-converted-to.pdf, id=2, 561.09625pt x 421.575pt>
File: ideal_intensity-eps-converted-to.pdf Graphic file (type pdf)

<use ideal_intensity-eps-converted-to.pdf>
Package pdftex.def Info: ideal_intensity-eps-converted-to.pdf used on input lin
e 36.
(pdftex.def)             Requested size: 168.47572pt x 113.80746pt.

<Huygens-Fresnel_field.PNG, id=3, 525.965pt x 178.6675pt>
File: Huygens-Fresnel_field.PNG Graphic file (type png)

<use Huygens-Fresnel_field.PNG>
Package pdftex.def Info: Huygens-Fresnel_field.PNG used on input line 52.
(pdftex.def)             Requested size: 525.9637pt x 178.66705pt.

Overfull \hbox (57.9637pt too wide) in paragraph at lines 52--53
 [][] 
 []

[1{/usr/local/texlive/2013/texmf-var/fonts/map/pdftex/updmap/pdftex.map} <./pha
se_func-eps-converted-to.pdf> <./ideal_intensity-eps-converted-to.pdf>]
[2 <./Huygens-Fresnel_field.PNG>]
<kinoform_geom.png, id=48, 589.7232pt x 316.5426pt>
File: kinoform_geom.png Graphic file (type png)
 <use kinoform_geom.png>
Package pdftex.def Info: kinoform_geom.png used on input line 90.
(pdftex.def)             Requested size: 234.0pt x 125.60048pt.

[3 <./kinoform_geom.png>]
Package epstopdf Info: Source file: <mask.eps>
(epstopdf)                    date: 2014-05-19 02:11:17
(epstopdf)                    size: 121969 bytes
(epstopdf)             Output file: <mask-eps-converted-to.pdf>
(epstopdf)                    date: 2014-05-19 02:33:57
(epstopdf)                    size: 45262 bytes
(epstopdf)             Command: <repstopdf --outfile=mask-eps-converted-to.pdf 
mask.eps>
(epstopdf)             \includegraphics on input line 128.
Package epstopdf Info: Output file is already uptodate.

<mask-eps-converted-to.pdf, id=54, 561.09625pt x 421.575pt>
File: mask-eps-converted-to.pdf Graphic file (type pdf)

<use mask-eps-converted-to.pdf>
Package pdftex.def Info: mask-eps-converted-to.pdf used on input line 128.
(pdftex.def)             Requested size: 234.0pt x 175.81233pt.

No file kino_calc.bbl.
[4 <./mask-eps-converted-to.pdf>] (./kino_calc.aux) ) 
Here is how much of TeX's memory you used:
 4420 strings out of 493315
 58702 string characters out of 6137904
 134802 words of memory out of 5000000
 7812 multiletter control sequences out of 15000+600000
 9498 words of font info for 36 fonts, out of 8000000 for 9000
 957 hyphenation exceptions out of 8191
 38i,16n,26p,385b,319s stack positions out of 5000i,500n,10000p,200000b,80000s
</usr/local/texlive/2013/t
exmf-dist/fonts/type1/public/amsfonts/cm/cmbx10.pfb></usr/local/texlive/2013/te
xmf-dist/fonts/type1/public/amsfonts/cm/cmex10.pfb></usr/local/texlive/2013/tex
mf-dist/fonts/type1/public/amsfonts/cm/cmmi12.pfb></usr/local/texlive/2013/texm
f-dist/fonts/type1/public/amsfonts/cm/cmmi6.pfb></usr/local/texlive/2013/texmf-
dist/fonts/type1/public/amsfonts/cm/cmmi8.pfb></usr/local/texlive/2013/texmf-di
st/fonts/type1/public/amsfonts/cm/cmr10.pfb></usr/local/texlive/2013/texmf-dist
/fonts/type1/public/amsfonts/cm/cmr12.pfb></usr/local/texlive/2013/texmf-dist/f
onts/type1/public/amsfonts/cm/cmr6.pfb></usr/local/texlive/2013/texmf-dist/font
s/type1/public/amsfonts/cm/cmr8.pfb></usr/local/texlive/2013/texmf-dist/fonts/t
ype1/public/amsfonts/cm/cmsy10.pfb></usr/local/texlive/2013/texmf-dist/fonts/ty
pe1/public/amsfonts/cm/cmsy6.pfb></usr/local/texlive/2013/texmf-dist/fonts/type
1/public/amsfonts/cm/cmsy8.pfb>
Output written on kino_calc.pdf (4 pages, 355504 bytes).
PDF statistics:
 108 PDF objects out of 1000 (max. 8388607)
 74 compressed objects within 1 object stream
 0 named destinations out of 1000 (max. 500000)
 26 words of extra memory for PDF output out of 10000 (max. 10000000)

